<?xml version="1.0" encoding="UTF-8"?>
<!-- Generated by org.testng.reporters.JUnitReportReporter -->
<testsuite hostname="LAPTOP-2L4TB7K4" failures="0" tests="1" name="TestCases.LoginTest" time="9.047" errors="0" timestamp="2024-02-12T17:22:25 IST" skipped="0">
  <testcase classname="TestCases.LoginTest" name="login" time="9.047"/>
  <system-out/>
</testsuite> <!-- TestCases.LoginTest -->
