<?xml version="1.0" encoding="UTF-8"?>
<!-- Generated by org.testng.reporters.JUnitReportReporter -->
<testsuite hostname="LAPTOP-2L4TB7K4" failures="0" tests="1" name="TestCases.TechnicalModuleTest" time="16.636" errors="0" timestamp="2024-02-13T14:47:22 IST" skipped="0">
  <testcase classname="TestCases.TechnicalModuleTest" name="expandVesselPurticulars" time="16.636"/>
  <system-out/>
</testsuite> <!-- TestCases.TechnicalModuleTest -->
