<?xml version="1.0" encoding="UTF-8"?>
<!-- Generated by org.testng.reporters.JUnitReportReporter -->
<testsuite hostname="LAPTOP-2L4TB7K4" failures="0" tests="1" name="TestCases.HomeTest" time="11.411" errors="0" timestamp="2024-02-12T22:08:52 IST" skipped="0">
  <testcase classname="TestCases.HomeTest" name="toSearch" time="11.411"/>
  <system-out/>
</testsuite> <!-- TestCases.HomeTest -->
