<?xml version="1.0" encoding="UTF-8"?>
<!-- Generated by org.testng.reporters.JUnitReportReporter -->
<testsuite hostname="LAPTOP-2L4TB7K4" failures="0" tests="2" name="TestCases.LoginTest" time="14.223" errors="0" timestamp="2024-02-13T09:49:22 IST" skipped="0">
  <testcase classname="TestCases.LoginTest" name="invalidLogin" time="6.088"/>
  <system-out/>
  <testcase classname="TestCases.LoginTest" name="login" time="8.135"/>
  <system-out/>
</testsuite> <!-- TestCases.LoginTest -->
