<?xml version="1.0" encoding="UTF-8"?>
<!-- Generated by org.testng.reporters.JUnitReportReporter -->
<testsuite hostname="LAPTOP-2L4TB7K4" failures="0" tests="1" name="TestCases.HomeTest" time="10.353" errors="0" timestamp="2024-02-13T09:50:09 IST" skipped="0">
  <testcase classname="TestCases.HomeTest" name="toSearch" time="10.353"/>
  <system-out/>
</testsuite> <!-- TestCases.HomeTest -->
